c:\users\upal\desktop\projects_v10.1.14\mysty_encryption\x86\dll\application.lib
c:\users\upal\desktop\projects_v10.1.14\mysty_encryption\x86\dll\application.exp
c:\users\upal\desktop\projects_v10.1.14\mysty_encryption\x86\application\debug\vc140.pdb
c:\users\upal\desktop\projects_v10.1.14\mysty_encryption\x86\application\debug\vc140.idb
c:\users\upal\desktop\projects_v10.1.14\mysty_encryption\x86\application\debug\aes.obj
c:\users\upal\desktop\projects_v10.1.14\mysty_encryption\x86\application\debug\aes_run.obj
c:\users\upal\desktop\projects_v10.1.14\mysty_encryption\x86\application\debug\application.obj
c:\users\upal\desktop\projects_v10.1.14\mysty_encryption\x86\application\debug\bsm.obj
c:\users\upal\desktop\projects_v10.1.14\mysty_encryption\x86\application\debug\database_ftp_custom.obj
c:\users\upal\desktop\projects_v10.1.14\mysty_encryption\x86\application\debug\des.obj
c:\users\upal\desktop\projects_v10.1.14\mysty_encryption\x86\application\debug\des_run.obj
c:\users\upal\desktop\projects_v10.1.14\mysty_encryption\x86\application\debug\distribution.obj
c:\users\upal\desktop\projects_v10.1.14\mysty_encryption\x86\application\debug\emulation_application.obj
c:\users\upal\desktop\projects_v10.1.14\mysty_encryption\x86\application\debug\encryption.obj
c:\users\upal\desktop\projects_v10.1.14\mysty_encryption\x86\application\debug\misty1.obj
c:\users\upal\desktop\projects_v10.1.14\mysty_encryption\x86\application\debug\misty_run.obj
c:\users\upal\desktop\projects_v10.1.14\mysty_encryption\x86\application\debug\multicast.obj
c:\users\upal\desktop\projects_v10.1.14\mysty_encryption\x86\application\debug\randomnumber.obj
c:\users\upal\desktop\projects_v10.1.14\mysty_encryption\x86\dll\libapplication.dll
c:\users\upal\desktop\projects_v10.1.14\mysty_encryption\x86\dll\application.pdb
c:\users\upal\desktop\v10.1.17\misty_encryption\32bit\code\application\debug\aes.obj
c:\users\upal\desktop\v10.1.17\misty_encryption\32bit\code\application\debug\aes_run.obj
c:\users\upal\desktop\v10.1.17\misty_encryption\32bit\code\application\debug\application.obj
c:\users\upal\desktop\v10.1.17\misty_encryption\32bit\code\application\debug\bsm.obj
c:\users\upal\desktop\v10.1.17\misty_encryption\32bit\code\application\debug\database_ftp_custom.obj
c:\users\upal\desktop\v10.1.17\misty_encryption\32bit\code\application\debug\des.obj
c:\users\upal\desktop\v10.1.17\misty_encryption\32bit\code\application\debug\des_run.obj
c:\users\upal\desktop\v10.1.17\misty_encryption\32bit\code\application\debug\distribution.obj
c:\users\upal\desktop\v10.1.17\misty_encryption\32bit\code\application\debug\emulation_application.obj
c:\users\upal\desktop\v10.1.17\misty_encryption\32bit\code\application\debug\encryption.obj
c:\users\upal\desktop\v10.1.17\misty_encryption\32bit\code\application\debug\misty1.obj
c:\users\upal\desktop\v10.1.17\misty_encryption\32bit\code\application\debug\misty_run.obj
c:\users\upal\desktop\v10.1.17\misty_encryption\32bit\code\application\debug\multicast.obj
c:\users\upal\desktop\v10.1.17\misty_encryption\32bit\code\application\debug\randomnumber.obj
c:\users\upal\desktop\v10.1.17\misty_encryption\32bit\code\application\debug\vc140.idb
c:\users\upal\desktop\v10.1.17\misty_encryption\32bit\code\application\debug\vc140.pdb
c:\users\upal\desktop\v10.1.17\misty_encryption\32bit\code\application\debug\application.tlog\application.write.1u.tlog
c:\users\upal\desktop\v10.1.17\misty_encryption\32bit\code\application\debug\application.tlog\cl.command.1.tlog
c:\users\upal\desktop\v10.1.17\misty_encryption\32bit\code\application\debug\application.tlog\cl.read.1.tlog
c:\users\upal\desktop\v10.1.17\misty_encryption\32bit\code\application\debug\application.tlog\cl.write.1.tlog
c:\users\upal\desktop\v10.1.17\misty_encryption\32bit\code\application\debug\application.tlog\link.command.1.tlog
c:\users\upal\desktop\v10.1.17\misty_encryption\32bit\code\application\debug\application.tlog\link.read.1.tlog
c:\users\upal\desktop\v10.1.17\misty_encryption\32bit\code\application\debug\application.tlog\link.write.1.tlog
